<?xml version="1.0" encoding="UTF-8"?>
<!-- Generated by org.testng.reporters.JUnitReportReporter -->
<testsuite hostname="MacBook-Pro-2.local" failures="0" tests="2" name="com.Practice.SeliniumTest.mainClass" time="20.561" errors="0" timestamp="2021-07-13T14:32:12 EDT" skipped="0">
  <testcase classname="com.Practice.SeliniumTest.mainClass" name="testLogin" time="10.448"/>
  <system-out/>
  <testcase classname="com.Practice.SeliniumTest.mainClass" name="masterclick" time="10.113"/>
  <system-out/>
</testsuite> <!-- com.Practice.SeliniumTest.mainClass -->
